TN:
SF:/Users/noahisrael/codefellows/401/labs/02-Lists-From-Scratch/lib/list.js
FN:3,(anonymous_0)
FN:7,(anonymous_1)
FN:15,(anonymous_2)
FN:34,(anonymous_3)
FN:50,(anonymous_4)
FN:67,(anonymous_5)
FNF:6
FNH:6
FNDA:14,(anonymous_0)
FNDA:16,(anonymous_1)
FNDA:2,(anonymous_2)
FNDA:3,(anonymous_3)
FNDA:2,(anonymous_4)
FNDA:2,(anonymous_5)
DA:2,1
DA:4,14
DA:8,16
DA:9,48
DA:10,48
DA:12,16
DA:16,2
DA:17,0
DA:20,2
DA:21,1
DA:26,1
DA:27,5
DA:30,1
DA:35,3
DA:36,1
DA:39,2
DA:40,1
DA:42,1
DA:43,1
DA:44,4
DA:46,1
DA:51,2
DA:52,1
DA:55,1
DA:57,1
DA:58,1
DA:59,0
DA:61,1
DA:68,2
DA:69,0
DA:71,2
DA:72,0
DA:74,2
DA:75,1
DA:77,2
DA:78,8
DA:80,2
LF:37
LH:33
BRDA:16,0,0,0
BRDA:16,0,1,2
BRDA:20,1,0,1
BRDA:20,1,1,1
BRDA:35,2,0,1
BRDA:35,2,1,2
BRDA:39,3,0,1
BRDA:39,3,1,1
BRDA:51,4,0,1
BRDA:51,4,1,1
BRDA:58,5,0,0
BRDA:58,5,1,1
BRDA:68,6,0,0
BRDA:68,6,1,2
BRDA:71,7,0,0
BRDA:71,7,1,2
BRDA:74,8,0,1
BRDA:74,8,1,1
BRF:18
BRH:14
end_of_record
