TN:
SF:/Users/noahisrael/codefellows/401/labs/02-Lists-From-Scratch/lib/list.js
FN:3,(anonymous_0)
FN:7,(anonymous_1)
FN:15,(anonymous_2)
FN:34,(anonymous_3)
FN:50,(anonymous_4)
FN:67,(anonymous_5)
FNF:6
FNH:4
FNDA:8,(anonymous_0)
FNDA:12,(anonymous_1)
FNDA:0,(anonymous_2)
FNDA:3,(anonymous_3)
FNDA:0,(anonymous_4)
FNDA:2,(anonymous_5)
DA:2,1
DA:4,8
DA:8,12
DA:9,32
DA:10,32
DA:12,12
DA:16,0
DA:17,0
DA:20,0
DA:21,0
DA:26,0
DA:27,0
DA:30,0
DA:35,3
DA:36,1
DA:39,2
DA:40,1
DA:42,1
DA:43,1
DA:44,4
DA:46,1
DA:51,0
DA:52,0
DA:55,0
DA:57,0
DA:58,0
DA:59,0
DA:61,0
DA:68,2
DA:69,0
DA:71,2
DA:72,0
DA:74,2
DA:75,1
DA:77,2
DA:78,8
DA:80,2
LF:37
LH:21
BRDA:16,0,0,0
BRDA:16,0,1,0
BRDA:20,1,0,0
BRDA:20,1,1,0
BRDA:35,2,0,1
BRDA:35,2,1,2
BRDA:39,3,0,1
BRDA:39,3,1,1
BRDA:51,4,0,0
BRDA:51,4,1,0
BRDA:58,5,0,0
BRDA:58,5,1,0
BRDA:68,6,0,0
BRDA:68,6,1,2
BRDA:71,7,0,0
BRDA:71,7,1,2
BRDA:74,8,0,1
BRDA:74,8,1,1
BRF:18
BRH:8
end_of_record
